2017-02-06T18:04:01-08:00 WARN  Found new schema to execute, db schema version: 4.2 new schema version: 4.3 
2017-02-06T18:04:01-08:00 WARN  Found new schema to execute, db schema version: 4.2 new schema version: 4.4 
2017-02-06T18:04:01-08:00 WARN  Found new schema to execute, db schema version: 4.2 new schema version: 4.5 
2017-02-06T18:04:01-08:00 WARN  Found new schema to execute, db schema version: 4.2 new schema version: 4.6 
2017-02-06T18:04:02-08:00 WARN  Login audit for user [mark.vejvoda] userid [1] firehallid [0] agent [Mozilla/5.0 (X11; Linux x86_64) AppleWebKit/537.36 (KHTML, like Gecko) Chrome/56.0.2924.76 Safari/537.36] client [REMOTE_ADDR: 192.168.0.150] 
2017-02-06T18:04:37-08:00 WARN  Route got CR message: fhid=0&cid=209&uid=isaac.vejvoda&ckid=57a4ffe1c3b5a8.52502526&member_id=mark.vejvoda&status=2 
2017-02-06T18:04:37-08:00 WARN  Route got CR about to redirect to: controllers/callout-response-controller.php?fhid=0&cid=209&uid=isaac.vejvoda&ckid=57a4ffe1c3b5a8.52502526&member_id=mark.vejvoda&status=2 
2017-02-06T18:18:55-08:00 WARN  Route got CR message: fhid=0&cid=209&uid=isaac.vejvoda&ckid=57a4ffe1c3b5a8.52502526&member_id=mark.vejvoda&status=2 
2017-02-06T18:18:55-08:00 WARN  Route got CR about to redirect to: controllers/callout-response-controller.php?fhid=0&cid=209&uid=isaac.vejvoda&ckid=57a4ffe1c3b5a8.52502526&member_id=mark.vejvoda&status=2 
2017-02-06T18:23:51-08:00 WARN  Route got CR message: fhid=0&cid=209&uid=isaac.vejvoda&ckid=57a4ffe1c3b5a8.52502526&member_id=mark.vejvoda&status=2 
2017-02-06T18:23:51-08:00 WARN  Route got CR about to redirect to: controllers/callout-response-controller.php?fhid=0&cid=209&uid=isaac.vejvoda&ckid=57a4ffe1c3b5a8.52502526&member_id=mark.vejvoda&status=2 
2017-02-06T18:23:52-08:00 WARN  Callout Response $userStatus value: 2 
2017-02-06T18:23:52-08:00 WARN  Callout Response SMS signal is enabled 
2017-02-06T18:23:52-08:00 WARN  Callout Response SMS signal all: true 
2017-02-06T18:23:52-08:00 WARN  Callout Response SMS signal about to call plugin... 
2017-02-06T21:03:42-08:00 WARN  Route got CR message: fhid=0&cid=209&uid=isaac.vejvoda&ckid=57a4ffe1c3b5a8.52502526&member_id=mark.vejvoda&status=12 
2017-02-06T21:03:42-08:00 WARN  Route got CR about to redirect to: controllers/callout-response-controller.php?fhid=0&cid=209&uid=isaac.vejvoda&ckid=57a4ffe1c3b5a8.52502526&member_id=mark.vejvoda&status=12 
2017-02-06T21:03:42-08:00 WARN  Callout Response $userStatus value: 12 
2017-02-06T21:03:42-08:00 WARN  Callout Response SMS signal is enabled 
2017-02-06T21:03:42-08:00 WARN  Callout Response SMS signal all: true 
2017-02-06T21:03:42-08:00 WARN  Callout Response SMS signal about to call plugin... 
2017-02-06T21:13:51-08:00 WARN  Email trigger check on From field for [mark_vejvoda@hotmail.com] 
2017-02-06T21:13:51-08:00 WARN  Email trigger check on From field for [mark_vejvoda@hotmail.com] 
2017-02-06T21:13:51-08:00 WARN  Email trigger check on From field result: true for value [mark_vejvoda@hotmail.com] expected [mark_vejvoda@hotmail.com] 
2017-02-06T21:13:51-08:00 WARN  Email polling trigger dump contents... [Date: 2016-08-05 10:53:52
Type: MVI2 - MVI2 - Multiple Vehicles/Patients
Department: Salmon Valley Fire
Address:
Latitude: 54.05977
Longitude: -122.73081
Units Responding: SALGRP1
] 
2017-02-06T21:13:51-08:00 WARN  Callout signalled for: ? geo: 54.05977, -122.73081 
2017-02-06T21:13:52-08:00 WARN  Email trigger check on From field for [mark_vejvoda@hotmail.com] 
2017-02-06T21:13:52-08:00 WARN  Email trigger check on From field for [mark_vejvoda@hotmail.com] 
2017-02-06T21:13:52-08:00 WARN  Email trigger check on From field result: false for value [donotreply@princegeorge.ca] expected [mark_vejvoda@hotmail.com] 
2017-02-06T21:13:52-08:00 WARN  Email trigger check on From field for [mark_vejvoda@hotmail.com] 
2017-02-06T21:13:52-08:00 WARN  Email trigger check on From field for [mark_vejvoda@hotmail.com] 
2017-02-06T21:13:52-08:00 WARN  Email trigger check on From field result: false for value [donotreply@princegeorge.ca] expected [mark_vejvoda@hotmail.com] 
2017-02-06T21:13:52-08:00 WARN  Email trigger check on From field for [mark_vejvoda@hotmail.com] 
2017-02-06T21:13:52-08:00 WARN  Email trigger check on From field for [mark_vejvoda@hotmail.com] 
2017-02-06T21:13:52-08:00 WARN  Email trigger check on From field result: false for value [donotreply@princegeorge.ca] expected [mark_vejvoda@hotmail.com] 
2017-02-06T21:13:52-08:00 WARN  Email trigger check on From field for [mark_vejvoda@hotmail.com] 
2017-02-06T21:13:52-08:00 WARN  Email trigger check on From field for [mark_vejvoda@hotmail.com] 
2017-02-06T21:13:52-08:00 WARN  Email trigger check on From field result: false for value [donotreply@princegeorge.ca] expected [mark_vejvoda@hotmail.com] 
2017-02-06T21:13:53-08:00 WARN  Email trigger check on From field for [mark_vejvoda@hotmail.com] 
2017-02-06T21:13:53-08:00 WARN  Email trigger check on From field for [mark_vejvoda@hotmail.com] 
2017-02-06T21:13:53-08:00 WARN  Email trigger check on From field result: false for value [donotreply@princegeorge.ca] expected [mark_vejvoda@hotmail.com] 
2017-02-06T21:13:53-08:00 WARN  Email trigger check on From field for [mark_vejvoda@hotmail.com] 
2017-02-06T21:13:53-08:00 WARN  Email trigger check on From field for [mark_vejvoda@hotmail.com] 
2017-02-06T21:13:53-08:00 WARN  Email trigger check on From field result: false for value [donotreply@princegeorge.ca] expected [mark_vejvoda@hotmail.com] 
2017-02-06T21:13:53-08:00 WARN  Email trigger check on From field for [mark_vejvoda@hotmail.com] 
2017-02-06T21:13:53-08:00 WARN  Email trigger check on From field for [mark_vejvoda@hotmail.com] 
2017-02-06T21:13:53-08:00 WARN  Email trigger check on From field result: false for value [donotreply@princegeorge.ca] expected [mark_vejvoda@hotmail.com] 
2017-02-06T21:13:53-08:00 WARN  Email trigger check on From field for [mark_vejvoda@hotmail.com] 
2017-02-06T21:13:53-08:00 WARN  Email trigger check on From field for [mark_vejvoda@hotmail.com] 
2017-02-06T21:13:53-08:00 WARN  Email trigger check on From field result: false for value [donotreply@princegeorge.ca] expected [mark_vejvoda@hotmail.com] 
2017-02-06T21:13:53-08:00 WARN  Email trigger check on From field for [mark_vejvoda@hotmail.com] 
2017-02-06T21:13:53-08:00 WARN  Email trigger check on From field for [mark_vejvoda@hotmail.com] 
2017-02-06T21:13:53-08:00 WARN  Email trigger check on From field result: false for value [donotreply@princegeorge.ca] expected [mark_vejvoda@hotmail.com] 
2017-02-06T21:13:53-08:00 WARN  Email trigger check on From field for [mark_vejvoda@hotmail.com] 
2017-02-06T21:13:53-08:00 WARN  Email trigger check on From field for [mark_vejvoda@hotmail.com] 
2017-02-06T21:13:53-08:00 WARN  Email trigger check on From field result: false for value [donotreply@princegeorge.ca] expected [mark_vejvoda@hotmail.com] 
2017-02-06T21:13:53-08:00 WARN  Email trigger check on From field for [mark_vejvoda@hotmail.com] 
2017-02-06T21:13:53-08:00 WARN  Email trigger check on From field for [mark_vejvoda@hotmail.com] 
2017-02-06T21:13:53-08:00 WARN  Email trigger check on From field result: false for value [donotreply@princegeorge.ca] expected [mark_vejvoda@hotmail.com] 
2017-02-06T21:13:53-08:00 WARN  Email trigger check on From field for [mark_vejvoda@hotmail.com] 
2017-02-06T21:13:53-08:00 WARN  Email trigger check on From field for [mark_vejvoda@hotmail.com] 
2017-02-06T21:13:53-08:00 WARN  Email trigger check on From field result: false for value [donotreply@princegeorge.ca] expected [mark_vejvoda@hotmail.com] 
2017-02-06T21:13:53-08:00 WARN  Email trigger check on From field for [mark_vejvoda@hotmail.com] 
2017-02-06T21:13:53-08:00 WARN  Email trigger check on From field for [mark_vejvoda@hotmail.com] 
2017-02-06T21:13:53-08:00 WARN  Email trigger check on From field result: false for value [donotreply@princegeorge.ca] expected [mark_vejvoda@hotmail.com] 
2017-02-06T21:13:53-08:00 WARN  Email trigger check on From field for [mark_vejvoda@hotmail.com] 
2017-02-06T21:13:53-08:00 WARN  Email trigger check on From field for [mark_vejvoda@hotmail.com] 
2017-02-06T21:13:53-08:00 WARN  Email trigger check on From field result: false for value [donotreply@princegeorge.ca] expected [mark_vejvoda@hotmail.com] 
2017-02-06T21:13:53-08:00 WARN  Email trigger check on From field for [mark_vejvoda@hotmail.com] 
2017-02-06T21:13:53-08:00 WARN  Email trigger check on From field for [mark_vejvoda@hotmail.com] 
2017-02-06T21:13:53-08:00 WARN  Email trigger check on From field result: false for value [donotreply@princegeorge.ca] expected [mark_vejvoda@hotmail.com] 
2017-02-06T21:13:53-08:00 WARN  Email trigger check on From field for [mark_vejvoda@hotmail.com] 
2017-02-06T21:13:53-08:00 WARN  Email trigger check on From field for [mark_vejvoda@hotmail.com] 
2017-02-06T21:13:53-08:00 WARN  Email trigger check on From field result: false for value [donotreply@princegeorge.ca] expected [mark_vejvoda@hotmail.com] 
2017-02-06T21:13:53-08:00 WARN  Email trigger check on From field for [mark_vejvoda@hotmail.com] 
2017-02-06T21:13:53-08:00 WARN  Email trigger check on From field for [mark_vejvoda@hotmail.com] 
2017-02-06T21:13:53-08:00 WARN  Email trigger check on From field result: false for value [donotreply@princegeorge.ca] expected [mark_vejvoda@hotmail.com] 
2017-02-06T21:13:53-08:00 WARN  Email trigger check on From field for [mark_vejvoda@hotmail.com] 
2017-02-06T21:13:53-08:00 WARN  Email trigger check on From field for [mark_vejvoda@hotmail.com] 
2017-02-06T21:13:53-08:00 WARN  Email trigger check on From field result: false for value [donotreply@princegeorge.ca] expected [mark_vejvoda@hotmail.com] 
2017-02-06T21:36:11-08:00 WARN  Route got CR message: fhid=0&cid=210&uid=mark.vejvoda&ckid=5899578f755ff2.84515122&member_id=mark.vejvoda&status=2 
2017-02-06T21:36:11-08:00 WARN  Route got CR about to redirect to: controllers/callout-response-controller.php?fhid=0&cid=210&uid=mark.vejvoda&ckid=5899578f755ff2.84515122&member_id=mark.vejvoda&status=2 
2017-02-06T21:36:12-08:00 WARN  Callout Response $userStatus value: 2 
2017-02-06T21:36:12-08:00 WARN  Callout Response SMS signal is enabled 
2017-02-06T21:36:12-08:00 WARN  Callout Response SMS signal all: true 
2017-02-06T21:36:12-08:00 WARN  Callout Response SMS signal about to call plugin... 
2017-02-07T15:07:03-08:00 WARN  Route got CR message: fhid=0&cid=209&uid=isaac.vejvoda&ckid=57a4ffe1c3b5a8.52502526&member_id=mark.vejvoda&status=10 
2017-02-07T15:07:03-08:00 WARN  Route got CR about to redirect to: controllers/callout-response-controller.php?fhid=0&cid=209&uid=isaac.vejvoda&ckid=57a4ffe1c3b5a8.52502526&member_id=mark.vejvoda&status=10 
2017-02-07T15:07:04-08:00 WARN  Callout Response $userStatus value: 10 
2017-02-07T15:07:04-08:00 WARN  Callout Response SMS signal is enabled 
2017-02-07T15:07:04-08:00 WARN  Callout Response SMS signal all: true 
2017-02-07T15:07:04-08:00 WARN  Callout Response SMS signal about to call plugin... 
2017-02-09T18:01:40-08:00 WARN  Email trigger check on From field for [mark_vejvoda@hotmail.com] 
2017-02-09T18:01:40-08:00 WARN  Email trigger check on From field for [mark_vejvoda@hotmail.com] 
2017-02-09T18:01:40-08:00 WARN  Email trigger check on From field result: true for value [mark_vejvoda@hotmail.com] expected [mark_vejvoda@hotmail.com] 
2017-02-09T18:01:40-08:00 WARN  Email polling trigger dump contents... [Date: 2017-02-06 21:10:52
Type: MVI2 - MVI2 - Multiple Vehicles/Patients
Department: Salmon Valley Fire
Address:
Latitude: 54.05977
Longitude: -122.73081
Units Responding: SALGRP1
] 
2017-02-09T18:01:40-08:00 WARN  Callout signalled for: ? geo: 54.05977, -122.73081 
2017-02-09T18:02:47-08:00 WARN  Email trigger check on From field for [mark_vejvoda@hotmail.com] 
2017-02-09T18:02:47-08:00 WARN  Email trigger check on From field for [mark_vejvoda@hotmail.com] 
2017-02-09T18:02:47-08:00 WARN  Email trigger check on From field result: true for value [mark_vejvoda@hotmail.com] expected [mark_vejvoda@hotmail.com] 
2017-02-09T18:02:47-08:00 WARN  Email polling trigger dump contents... [Date: 2017-02-09 18:00:52

Type: ODOUU - Odour Unknown
Department: Salmon Valley Fire
Address: 8400 SALMON VALLEY RD,SALMON VALLEY, BC
Latitude: 54.08896
Longitude: -122.60274
Google Maps Link:http://maps.google.com/maps?z=1&t=m&q=loc:54.089,-122.603
Units Responding: SALGRP1

] 
2017-02-09T18:02:47-08:00 WARN  Callout signalled for: 8400 SALMON VALLEY RD,SALMON VALLEY, BC geo: 54.08896, -122.60274 
2017-02-10T19:09:50-08:00 WARN  Route got CR message: fhid=0&cid=212&uid=mark.vejvoda&ckid=589d1f476fd258.45040307&member_id=mark.vejvoda&status=2 
2017-02-10T19:09:50-08:00 WARN  Route got CR about to redirect to: controllers/callout-response-controller.php?fhid=0&cid=212&uid=mark.vejvoda&ckid=589d1f476fd258.45040307&member_id=mark.vejvoda&status=2 
2017-02-10T19:09:51-08:00 WARN  Callout Response $userStatus value: 2 
2017-02-10T19:09:51-08:00 WARN  Callout Response SMS signal is enabled 
2017-02-10T19:09:51-08:00 WARN  Callout Response SMS signal all: true 
2017-02-10T19:09:51-08:00 WARN  Callout Response SMS signal about to call plugin... 
2017-02-10T19:10:03-08:00 WARN  Route got CR message: fhid=0&cid=212&uid=mark.vejvoda&ckid=589d1f476fd258.45040307&member_id=mark.vejvoda&status=3 
2017-02-10T19:10:03-08:00 WARN  Route got CR about to redirect to: controllers/callout-response-controller.php?fhid=0&cid=212&uid=mark.vejvoda&ckid=589d1f476fd258.45040307&member_id=mark.vejvoda&status=3 
2017-02-10T19:10:03-08:00 WARN  Callout Response $userStatus value: 3 
2017-02-10T19:10:03-08:00 WARN  Callout Response SMS signal is enabled 
2017-02-10T19:10:03-08:00 WARN  Callout Response SMS signal all: true 
2017-02-10T19:10:03-08:00 WARN  Callout Response SMS signal about to call plugin... 
2017-02-10T22:48:31-08:00 WARN  Email trigger check on From field for [mark_vejvoda@hotmail.com] 
2017-02-10T22:48:31-08:00 WARN  Email trigger check on From field for [mark_vejvoda@hotmail.com] 
2017-02-10T22:48:31-08:00 WARN  Email trigger check on From field result: true for value [mark_vejvoda@hotmail.com] expected [mark_vejvoda@hotmail.com] 
2017-02-10T22:48:31-08:00 WARN  Email polling trigger dump contents... [Date: 2017-02-09 18:10:52

Type: ODOUU - Odour Unknown
Department: Salmon Valley Fire
Address: 8440 SALMON VALLEY RD,SALMON VALLEY, BC
Latitude: 54.08896
Longitude: -122.60274
Google Maps Link:http://maps.google.com/maps?z=1&t=m&q=loc:54.089,-122.603
Units Responding: SALGRP1

] 
2017-02-10T22:48:31-08:00 WARN  Callout signalled for: 8440 SALMON VALLEY RD,SALMON VALLEY, BC geo: 54.08896, -122.60274 
2017-02-12T15:55:16-08:00 WARN  Login audit for user [mark.vejvoda] userid [1] firehallid [0] agent [Mozilla/5.0 (X11; Linux x86_64) AppleWebKit/537.36 (KHTML, like Gecko) Chrome/56.0.2924.76 Safari/537.36] client [REMOTE_ADDR: 192.168.0.150] 
2017-02-14T14:22:14-08:00 ERROR Login check for user [1] fhid [0] for client [REMOTE_ADDR: 192.168.0.150] failed hash check! 
2017-02-14T14:22:14-08:00 ERROR Login check for user [1] fhid [0] for client [REMOTE_ADDR: 192.168.0.150] failed hash check! 
2017-02-14T14:22:14-08:00 ERROR LOGINCHECK F1 
2017-02-14T14:22:14-08:00 ERROR LOGINCHECK F1 
2017-02-14T14:22:14-08:00 ERROR Login check for user [1] fhid [0] for client [REMOTE_ADDR: 192.168.0.150] failed hash check! 
2017-02-14T14:22:14-08:00 ERROR LOGINCHECK F1 
2017-02-18T01:06:20-08:00 ERROR Login check for user [1] fhid [0] for client [REMOTE_ADDR: 192.168.0.150] failed hash check! 
2017-02-18T01:06:20-08:00 ERROR LOGINCHECK F1 
2017-02-18T01:06:20-08:00 ERROR Login check for user [1] fhid [0] for client [REMOTE_ADDR: 192.168.0.150] failed hash check! 
2017-02-18T01:06:20-08:00 ERROR LOGINCHECK F1 
2017-02-18T01:06:24-08:00 WARN  Login audit for user [mark.vejvoda] userid [1] firehallid [0] agent [Mozilla/5.0 (X11; Linux x86_64) AppleWebKit/537.36 (KHTML, like Gecko) Chrome/56.0.2924.87 Safari/537.36] client [REMOTE_ADDR: 192.168.0.150] 
2017-02-22T21:40:19-08:00 WARN  Login audit for user [mark.vejvoda] userid [1] firehallid [0] agent [Mozilla/5.0 (X11; Linux x86_64) AppleWebKit/537.36 (KHTML, like Gecko) Chrome/56.0.2924.87 Safari/537.36] client [REMOTE_ADDR: 192.168.0.150] 
2017-02-22T21:41:08-08:00 WARN  Cache plugin check installed memcache. 
2017-02-22T21:41:08-08:00 WARN  Cache plugin check installed memcache. 
2017-02-22T21:41:08-08:00 WARN  Cache plugin check installed memcache. 
2017-02-22T21:41:08-08:00 WARN  Cache plugin check installed memcache. 
2017-02-22T21:41:11-08:00 WARN  Cache plugin check installed memcache. 
2017-02-22T21:41:11-08:00 WARN  Cache plugin check installed memcache. 
2017-02-22T21:41:11-08:00 WARN  Cache plugin check installed memcache. 
2017-02-22T21:41:11-08:00 WARN  Cache plugin check installed memcache. 
2017-02-22T21:41:11-08:00 WARN  Cache plugin check installed memcache. 
2017-02-22T21:41:11-08:00 WARN  Login audit for user [mark.vejvoda] userid [1] firehallid [0] agent [Mozilla/5.0 (X11; Linux x86_64) AppleWebKit/537.36 (KHTML, like Gecko) Chrome/56.0.2924.87 Safari/537.36] client [REMOTE_ADDR: 192.168.0.150] 
2017-02-22T21:41:11-08:00 WARN  Cache plugin check installed memcache. 
2017-02-22T21:41:11-08:00 WARN  Cache plugin check installed memcache. 
2017-02-22T21:41:11-08:00 WARN  Cache plugin check installed memcache. 
2017-02-22T21:41:11-08:00 WARN  Cache plugin check installed memcache. 
2017-02-22T21:41:11-08:00 WARN  Cache plugin check installed memcache. 
2017-02-22T21:41:11-08:00 WARN  Cache plugin check installed memcache. 
2017-02-22T21:41:11-08:00 WARN  Cache plugin check installed memcache. 
2017-02-22T21:41:15-08:00 WARN  Cache plugin check installed memcache. 
2017-02-22T21:41:15-08:00 WARN  Cache plugin check installed memcache. 
2017-02-22T21:41:15-08:00 WARN  Cache plugin check installed memcache. 
2017-02-22T21:41:15-08:00 WARN  Cache plugin check installed memcache. 
2017-02-22T21:41:15-08:00 WARN  Cache plugin check installed memcache. 
2017-02-22T21:41:15-08:00 WARN  Cache plugin check installed memcache. 
2017-02-22T21:41:15-08:00 WARN  Cache plugin check installed memcache. 
2017-02-22T21:41:15-08:00 WARN  Cache plugin check installed memcache. 
2017-02-22T21:41:15-08:00 WARN  Cache plugin check installed memcache. 
2017-02-22T21:41:15-08:00 WARN  Cache plugin check installed memcache. 
2017-02-22T21:43:55-08:00 WARN  Cache plugin check installed memcache. 
2017-02-22T21:43:55-08:00 WARN  Cache plugin init FAILED cannot use memcached on this host! 
2017-02-22T21:43:55-08:00 WARN  Cache plugin check installed memcache. 
2017-02-22T21:43:55-08:00 WARN  Cache plugin init FAILED cannot use memcached on this host! 
2017-02-22T21:43:55-08:00 WARN  Cache plugin check installed memcache. 
2017-02-22T21:43:55-08:00 WARN  Cache plugin init FAILED cannot use memcached on this host! 
2017-02-22T21:43:55-08:00 WARN  Cache plugin check installed memcache. 
2017-02-22T21:43:55-08:00 WARN  Cache plugin init FAILED cannot use memcached on this host! 
2017-02-22T21:43:58-08:00 WARN  Cache plugin check installed memcache. 
2017-02-22T21:43:58-08:00 WARN  Cache plugin init FAILED cannot use memcached on this host! 
2017-02-22T21:43:58-08:00 WARN  Cache plugin check installed memcache. 
2017-02-22T21:43:58-08:00 WARN  Cache plugin init FAILED cannot use memcached on this host! 
2017-02-22T21:43:58-08:00 WARN  Cache plugin check installed memcache. 
2017-02-22T21:43:58-08:00 WARN  Cache plugin init FAILED cannot use memcached on this host! 
2017-02-22T21:43:58-08:00 WARN  Cache plugin check installed memcache. 
2017-02-22T21:43:58-08:00 WARN  Cache plugin init FAILED cannot use memcached on this host! 
2017-02-22T21:43:58-08:00 WARN  Cache plugin check installed memcache. 
2017-02-22T21:43:58-08:00 WARN  Cache plugin init FAILED cannot use memcached on this host! 
2017-02-22T21:43:58-08:00 WARN  Login audit for user [mark.vejvoda] userid [1] firehallid [0] agent [Mozilla/5.0 (X11; Linux x86_64) AppleWebKit/537.36 (KHTML, like Gecko) Chrome/56.0.2924.87 Safari/537.36] client [REMOTE_ADDR: 192.168.0.150] 
2017-02-22T21:43:58-08:00 WARN  Cache plugin check installed memcache. 
2017-02-22T21:43:58-08:00 WARN  Cache plugin init FAILED cannot use memcached on this host! 
2017-02-22T21:43:58-08:00 WARN  Cache plugin check installed memcache. 
2017-02-22T21:43:58-08:00 WARN  Cache plugin init FAILED cannot use memcached on this host! 
2017-02-22T21:43:58-08:00 WARN  Cache plugin check installed memcache. 
2017-02-22T21:43:58-08:00 WARN  Cache plugin init FAILED cannot use memcached on this host! 
2017-02-22T21:43:58-08:00 WARN  Cache plugin check installed memcache. 
2017-02-22T21:43:58-08:00 WARN  Cache plugin init FAILED cannot use memcached on this host! 
2017-02-22T21:43:58-08:00 WARN  Cache plugin check installed memcache. 
2017-02-22T21:43:58-08:00 WARN  Cache plugin init FAILED cannot use memcached on this host! 
2017-02-22T21:43:58-08:00 WARN  Cache plugin check installed memcache. 
2017-02-22T21:43:58-08:00 WARN  Cache plugin init FAILED cannot use memcached on this host! 
2017-02-22T21:43:58-08:00 WARN  Cache plugin check installed memcache. 
2017-02-22T21:43:58-08:00 WARN  Cache plugin init FAILED cannot use memcached on this host! 
2017-02-22T21:44:01-08:00 WARN  Cache plugin check installed memcache. 
2017-02-22T21:44:01-08:00 WARN  Cache plugin init FAILED cannot use memcached on this host! 
2017-02-22T21:44:01-08:00 WARN  Cache plugin check installed memcache. 
2017-02-22T21:44:01-08:00 WARN  Cache plugin init FAILED cannot use memcached on this host! 
2017-02-22T21:44:01-08:00 WARN  Cache plugin check installed memcache. 
2017-02-22T21:44:01-08:00 WARN  Cache plugin init FAILED cannot use memcached on this host! 
2017-02-22T21:44:01-08:00 WARN  Cache plugin check installed memcache. 
2017-02-22T21:44:01-08:00 WARN  Cache plugin init FAILED cannot use memcached on this host! 
2017-02-22T21:44:01-08:00 WARN  Cache plugin check installed memcache. 
2017-02-22T21:44:01-08:00 WARN  Cache plugin init FAILED cannot use memcached on this host! 
2017-02-22T21:44:01-08:00 WARN  Cache plugin check installed memcache. 
2017-02-22T21:44:01-08:00 WARN  Cache plugin init FAILED cannot use memcached on this host! 
2017-02-22T21:44:01-08:00 WARN  Cache plugin check installed memcache. 
2017-02-22T21:44:01-08:00 WARN  Cache plugin init FAILED cannot use memcached on this host! 
2017-02-22T21:44:01-08:00 WARN  Cache plugin check installed memcache. 
2017-02-22T21:44:01-08:00 WARN  Cache plugin init FAILED cannot use memcached on this host! 
2017-02-22T21:44:01-08:00 WARN  Cache plugin check installed memcache. 
2017-02-22T21:44:01-08:00 WARN  Cache plugin init FAILED cannot use memcached on this host! 
2017-02-22T21:44:01-08:00 WARN  Cache plugin check installed memcache. 
2017-02-22T21:44:01-08:00 WARN  Cache plugin init FAILED cannot use memcached on this host! 
2017-02-22T21:50:21-08:00 WARN  Cache plugin check installed memcache. 
2017-02-22T21:50:21-08:00 WARN  Cache plugin init FAILED cannot use memcached on this host! 
2017-02-22T21:50:43-08:00 WARN  Cache plugin check installed memcache. 
2017-02-22T21:50:43-08:00 WARN  Cache plugin init FAILED cannot use memcached on this host! 
2017-02-22T21:50:43-08:00 WARN  Cache plugin check installed memcache. 
2017-02-22T21:50:43-08:00 WARN  Cache plugin init FAILED cannot use memcached on this host! 
2017-02-22T21:50:43-08:00 WARN  Cache plugin check installed memcache. 
2017-02-22T21:50:43-08:00 WARN  Cache plugin init FAILED cannot use memcached on this host! 
2017-02-22T21:50:43-08:00 WARN  Cache plugin check installed memcache. 
2017-02-22T21:50:43-08:00 WARN  Cache plugin init FAILED cannot use memcached on this host! 
2017-02-22T21:50:43-08:00 WARN  Cache plugin check installed memcache. 
2017-02-22T21:50:43-08:00 WARN  Cache plugin init FAILED cannot use memcached on this host! 
2017-02-22T21:50:43-08:00 WARN  Cache plugin check installed memcache. 
2017-02-22T21:50:43-08:00 WARN  Cache plugin init FAILED cannot use memcached on this host! 
2017-02-22T21:50:43-08:00 WARN  Cache plugin check installed memcache. 
2017-02-22T21:50:43-08:00 WARN  Cache plugin init FAILED cannot use memcached on this host! 
2017-02-22T21:50:43-08:00 WARN  Cache plugin check installed memcache. 
2017-02-22T21:50:43-08:00 WARN  Cache plugin init FAILED cannot use memcached on this host! 
2017-02-22T21:50:46-08:00 WARN  Cache plugin check installed memcache. 
2017-02-22T21:50:46-08:00 WARN  Cache plugin init FAILED cannot use memcached on this host! 
2017-02-22T21:50:46-08:00 WARN  Cache plugin check installed memcache. 
2017-02-22T21:50:46-08:00 WARN  Cache plugin init FAILED cannot use memcached on this host! 
2017-02-22T21:50:46-08:00 WARN  Cache plugin check installed memcache. 
2017-02-22T21:50:46-08:00 WARN  Cache plugin init FAILED cannot use memcached on this host! 
2017-02-22T21:50:46-08:00 WARN  Cache plugin check installed memcache. 
2017-02-22T21:50:46-08:00 WARN  Cache plugin init FAILED cannot use memcached on this host! 
2017-02-22T21:50:46-08:00 WARN  Cache plugin check installed memcache. 
2017-02-22T21:50:46-08:00 WARN  Cache plugin init FAILED cannot use memcached on this host! 
2017-02-22T21:50:46-08:00 WARN  Cache plugin check installed memcache. 
2017-02-22T21:50:46-08:00 WARN  Cache plugin init FAILED cannot use memcached on this host! 
2017-02-22T21:50:46-08:00 WARN  Cache plugin check installed memcache. 
2017-02-22T21:50:46-08:00 WARN  Cache plugin init FAILED cannot use memcached on this host! 
2017-02-22T21:50:46-08:00 WARN  Cache plugin check installed memcache. 
2017-02-22T21:50:46-08:00 WARN  Cache plugin init FAILED cannot use memcached on this host! 
2017-02-22T21:50:46-08:00 WARN  Cache plugin check installed memcache. 
2017-02-22T21:50:46-08:00 WARN  Cache plugin init FAILED cannot use memcached on this host! 
2017-02-22T21:50:46-08:00 WARN  Cache plugin check installed memcache. 
2017-02-22T21:50:46-08:00 WARN  Cache plugin init FAILED cannot use memcached on this host! 
2017-02-22T21:50:46-08:00 WARN  Login audit for user [mark.vejvoda] userid [1] firehallid [0] agent [Mozilla/5.0 (X11; Linux x86_64) AppleWebKit/537.36 (KHTML, like Gecko) Chrome/56.0.2924.87 Safari/537.36] client [REMOTE_ADDR: 192.168.0.150] 
2017-02-22T21:50:46-08:00 WARN  Cache plugin check installed memcache. 
2017-02-22T21:50:46-08:00 WARN  Cache plugin init FAILED cannot use memcached on this host! 
2017-02-22T21:50:46-08:00 WARN  Cache plugin check installed memcache. 
2017-02-22T21:50:46-08:00 WARN  Cache plugin init FAILED cannot use memcached on this host! 
2017-02-22T21:50:46-08:00 WARN  Cache plugin check installed memcache. 
2017-02-22T21:50:46-08:00 WARN  Cache plugin init FAILED cannot use memcached on this host! 
2017-02-22T21:50:46-08:00 WARN  Cache plugin check installed memcache. 
2017-02-22T21:50:46-08:00 WARN  Cache plugin init FAILED cannot use memcached on this host! 
2017-02-22T21:50:46-08:00 WARN  Cache plugin check installed memcache. 
2017-02-22T21:50:46-08:00 WARN  Cache plugin init FAILED cannot use memcached on this host! 
2017-02-22T21:50:46-08:00 WARN  Cache plugin check installed memcache. 
2017-02-22T21:50:46-08:00 WARN  Cache plugin init FAILED cannot use memcached on this host! 
2017-02-22T21:50:46-08:00 WARN  Cache plugin check installed memcache. 
2017-02-22T21:50:46-08:00 WARN  Cache plugin init FAILED cannot use memcached on this host! 
2017-02-22T21:50:46-08:00 WARN  Cache plugin check installed memcache. 
2017-02-22T21:50:46-08:00 WARN  Cache plugin init FAILED cannot use memcached on this host! 
2017-02-22T21:50:46-08:00 WARN  Cache plugin check installed memcache. 
2017-02-22T21:50:46-08:00 WARN  Cache plugin init FAILED cannot use memcached on this host! 
2017-02-22T21:50:46-08:00 WARN  Cache plugin check installed memcache. 
2017-02-22T21:50:46-08:00 WARN  Cache plugin init FAILED cannot use memcached on this host! 
2017-02-22T21:50:46-08:00 WARN  Cache plugin check installed memcache. 
2017-02-22T21:50:46-08:00 WARN  Cache plugin init FAILED cannot use memcached on this host! 
2017-02-22T21:50:46-08:00 WARN  Cache plugin check installed memcache. 
2017-02-22T21:50:46-08:00 WARN  Cache plugin init FAILED cannot use memcached on this host! 
2017-02-22T21:50:46-08:00 WARN  Cache plugin check installed memcache. 
2017-02-22T21:50:46-08:00 WARN  Cache plugin init FAILED cannot use memcached on this host! 
2017-02-22T21:50:46-08:00 WARN  Cache plugin check installed memcache. 
2017-02-22T21:50:46-08:00 WARN  Cache plugin init FAILED cannot use memcached on this host! 
2017-02-22T21:50:49-08:00 WARN  Cache plugin check installed memcache. 
2017-02-22T21:50:49-08:00 WARN  Cache plugin init FAILED cannot use memcached on this host! 
2017-02-22T21:50:49-08:00 WARN  Cache plugin check installed memcache. 
2017-02-22T21:50:49-08:00 WARN  Cache plugin init FAILED cannot use memcached on this host! 
2017-02-22T21:50:49-08:00 WARN  Cache plugin check installed memcache. 
2017-02-22T21:50:49-08:00 WARN  Cache plugin init FAILED cannot use memcached on this host! 
2017-02-22T21:50:49-08:00 WARN  Cache plugin check installed memcache. 
2017-02-22T21:50:49-08:00 WARN  Cache plugin init FAILED cannot use memcached on this host! 
2017-02-22T21:50:49-08:00 WARN  Cache plugin check installed memcache. 
2017-02-22T21:50:49-08:00 WARN  Cache plugin init FAILED cannot use memcached on this host! 
2017-02-22T21:50:49-08:00 WARN  Cache plugin check installed memcache. 
2017-02-22T21:50:49-08:00 WARN  Cache plugin init FAILED cannot use memcached on this host! 
2017-02-22T21:50:49-08:00 WARN  Cache plugin check installed memcache. 
2017-02-22T21:50:49-08:00 WARN  Cache plugin init FAILED cannot use memcached on this host! 
2017-02-22T21:50:49-08:00 WARN  Cache plugin check installed memcache. 
2017-02-22T21:50:49-08:00 WARN  Cache plugin init FAILED cannot use memcached on this host! 
2017-02-22T21:50:49-08:00 WARN  Cache plugin check installed memcache. 
2017-02-22T21:50:49-08:00 WARN  Cache plugin init FAILED cannot use memcached on this host! 
2017-02-22T21:50:49-08:00 WARN  Cache plugin check installed memcache. 
2017-02-22T21:50:49-08:00 WARN  Cache plugin init FAILED cannot use memcached on this host! 
2017-02-22T21:50:49-08:00 WARN  Cache plugin check installed memcache. 
2017-02-22T21:50:49-08:00 WARN  Cache plugin init FAILED cannot use memcached on this host! 
2017-02-22T21:50:49-08:00 WARN  Cache plugin check installed memcache. 
2017-02-22T21:50:49-08:00 WARN  Cache plugin init FAILED cannot use memcached on this host! 
2017-02-22T21:50:50-08:00 WARN  Cache plugin check installed memcache. 
2017-02-22T21:50:50-08:00 WARN  Cache plugin init FAILED cannot use memcached on this host! 
2017-02-22T21:50:50-08:00 WARN  Cache plugin check installed memcache. 
2017-02-22T21:50:50-08:00 WARN  Cache plugin init FAILED cannot use memcached on this host! 
2017-02-22T21:50:50-08:00 WARN  Cache plugin check installed memcache. 
2017-02-22T21:50:50-08:00 WARN  Cache plugin init FAILED cannot use memcached on this host! 
2017-02-22T21:50:50-08:00 WARN  Cache plugin check installed memcache. 
2017-02-22T21:50:50-08:00 WARN  Cache plugin init FAILED cannot use memcached on this host! 
2017-02-22T21:50:50-08:00 WARN  Cache plugin check installed memcache. 
2017-02-22T21:50:50-08:00 WARN  Cache plugin init FAILED cannot use memcached on this host! 
2017-02-22T21:50:50-08:00 WARN  Cache plugin check installed memcache. 
2017-02-22T21:50:50-08:00 WARN  Cache plugin init FAILED cannot use memcached on this host! 
2017-02-22T21:50:50-08:00 WARN  Cache plugin check installed memcache. 
2017-02-22T21:50:50-08:00 WARN  Cache plugin init FAILED cannot use memcached on this host! 
2017-02-22T21:50:50-08:00 WARN  Cache plugin check installed memcache. 
2017-02-22T21:50:50-08:00 WARN  Cache plugin init FAILED cannot use memcached on this host! 
2017-02-22T21:52:24-08:00 WARN  Cache plugin check installed memcache. 
2017-02-22T21:52:24-08:00 WARN  Cache plugin init FAILED cannot use memcached on this host! 
2017-02-22T21:52:24-08:00 WARN  Cache plugin check installed memcache. 
2017-02-22T21:52:24-08:00 WARN  Cache plugin init FAILED cannot use memcached on this host! 
2017-02-22T21:52:24-08:00 WARN  Cache plugin check installed memcache. 
2017-02-22T21:52:24-08:00 WARN  Cache plugin init FAILED cannot use memcached on this host! 
2017-02-22T21:52:24-08:00 WARN  Cache plugin check installed memcache. 
2017-02-22T21:52:24-08:00 WARN  Cache plugin init FAILED cannot use memcached on this host! 
2017-02-22T21:52:27-08:00 WARN  Cache plugin check installed memcache. 
2017-02-22T21:52:27-08:00 WARN  Cache plugin init FAILED cannot use memcached on this host! 
2017-02-22T21:52:27-08:00 WARN  Cache plugin check installed memcache. 
2017-02-22T21:52:27-08:00 WARN  Cache plugin init FAILED cannot use memcached on this host! 
2017-02-22T21:52:27-08:00 WARN  Cache plugin check installed memcache. 
2017-02-22T21:52:27-08:00 WARN  Cache plugin init FAILED cannot use memcached on this host! 
2017-02-22T21:52:27-08:00 WARN  Cache plugin check installed memcache. 
2017-02-22T21:52:27-08:00 WARN  Cache plugin init FAILED cannot use memcached on this host! 
2017-02-22T21:52:27-08:00 WARN  Cache plugin check installed memcache. 
2017-02-22T21:52:27-08:00 WARN  Cache plugin init FAILED cannot use memcached on this host! 
2017-02-22T21:52:27-08:00 WARN  Login audit for user [mark.vejvoda] userid [1] firehallid [0] agent [Mozilla/5.0 (X11; Linux x86_64) AppleWebKit/537.36 (KHTML, like Gecko) Chrome/56.0.2924.87 Safari/537.36] client [REMOTE_ADDR: 192.168.0.150] 
2017-02-22T21:52:27-08:00 WARN  Cache plugin check installed memcache. 
2017-02-22T21:52:27-08:00 WARN  Cache plugin init FAILED cannot use memcached on this host! 
2017-02-22T21:52:27-08:00 WARN  Cache plugin check installed memcache. 
2017-02-22T21:52:27-08:00 WARN  Cache plugin init FAILED cannot use memcached on this host! 
2017-02-22T21:52:27-08:00 WARN  Cache plugin check installed memcache. 
2017-02-22T21:52:27-08:00 WARN  Cache plugin init FAILED cannot use memcached on this host! 
2017-02-22T21:52:27-08:00 WARN  Cache plugin check installed memcache. 
2017-02-22T21:52:27-08:00 WARN  Cache plugin init FAILED cannot use memcached on this host! 
2017-02-22T21:52:27-08:00 WARN  Cache plugin check installed memcache. 
2017-02-22T21:52:27-08:00 WARN  Cache plugin init FAILED cannot use memcached on this host! 
2017-02-22T21:52:27-08:00 WARN  Cache plugin check installed memcache. 
2017-02-22T21:52:27-08:00 WARN  Cache plugin init FAILED cannot use memcached on this host! 
2017-02-22T21:52:27-08:00 WARN  Cache plugin check installed memcache. 
2017-02-22T21:52:27-08:00 WARN  Cache plugin init FAILED cannot use memcached on this host! 
2017-02-22T21:52:30-08:00 WARN  Cache plugin check installed memcache. 
2017-02-22T21:52:30-08:00 WARN  Cache plugin init FAILED cannot use memcached on this host! 
2017-02-22T21:52:30-08:00 WARN  Cache plugin check installed memcache. 
2017-02-22T21:52:30-08:00 WARN  Cache plugin init FAILED cannot use memcached on this host! 
2017-02-22T21:52:30-08:00 WARN  Cache plugin check installed memcache. 
2017-02-22T21:52:30-08:00 WARN  Cache plugin init FAILED cannot use memcached on this host! 
2017-02-22T21:52:30-08:00 WARN  Cache plugin check installed memcache. 
2017-02-22T21:52:30-08:00 WARN  Cache plugin init FAILED cannot use memcached on this host! 
2017-02-22T21:52:30-08:00 WARN  Cache plugin check installed memcache. 
2017-02-22T21:52:30-08:00 WARN  Cache plugin init FAILED cannot use memcached on this host! 
2017-02-22T21:52:30-08:00 WARN  Cache plugin check installed memcache. 
2017-02-22T21:52:30-08:00 WARN  Cache plugin init FAILED cannot use memcached on this host! 
2017-02-22T21:52:30-08:00 WARN  Cache plugin check installed memcache. 
2017-02-22T21:52:30-08:00 WARN  Cache plugin init FAILED cannot use memcached on this host! 
2017-02-22T21:52:30-08:00 WARN  Cache plugin check installed memcache. 
2017-02-22T21:52:30-08:00 WARN  Cache plugin init FAILED cannot use memcached on this host! 
2017-02-22T21:52:30-08:00 WARN  Cache plugin check installed memcache. 
2017-02-22T21:52:30-08:00 WARN  Cache plugin init FAILED cannot use memcached on this host! 
2017-02-22T21:52:30-08:00 WARN  Cache plugin check installed memcache. 
2017-02-22T21:52:30-08:00 WARN  Cache plugin init FAILED cannot use memcached on this host! 
2017-02-22T21:54:08-08:00 WARN  Cache plugin check installed memcache. 
2017-02-22T21:54:08-08:00 WARN  Cache plugin init FAILED cannot use memcached on this host! 
2017-02-22T21:54:08-08:00 WARN  Cache plugin check installed memcache. 
2017-02-22T21:54:08-08:00 WARN  Cache plugin init FAILED cannot use memcached on this host! 
2017-02-22T21:54:08-08:00 WARN  Cache plugin check installed memcache. 
2017-02-22T21:54:08-08:00 WARN  Cache plugin init FAILED cannot use memcached on this host! 
2017-02-22T21:54:08-08:00 WARN  Cache plugin check installed memcache. 
2017-02-22T21:54:08-08:00 WARN  Cache plugin init FAILED cannot use memcached on this host! 
2017-02-22T21:54:12-08:00 WARN  Cache plugin check installed memcache. 
2017-02-22T21:54:12-08:00 WARN  Cache plugin init FAILED cannot use memcached on this host! 
2017-02-22T21:54:12-08:00 WARN  Cache plugin check installed memcache. 
2017-02-22T21:54:12-08:00 WARN  Cache plugin init FAILED cannot use memcached on this host! 
2017-02-22T21:54:12-08:00 WARN  Cache plugin check installed memcache. 
2017-02-22T21:54:12-08:00 WARN  Cache plugin init FAILED cannot use memcached on this host! 
2017-02-22T21:54:12-08:00 WARN  Cache plugin check installed memcache. 
2017-02-22T21:54:12-08:00 WARN  Cache plugin init FAILED cannot use memcached on this host! 
2017-02-22T21:54:12-08:00 WARN  Cache plugin check installed memcache. 
2017-02-22T21:54:12-08:00 WARN  Cache plugin init FAILED cannot use memcached on this host! 
2017-02-22T21:54:12-08:00 WARN  Login audit for user [mark.vejvoda] userid [1] firehallid [0] agent [Mozilla/5.0 (X11; Linux x86_64) AppleWebKit/537.36 (KHTML, like Gecko) Chrome/56.0.2924.87 Safari/537.36] client [REMOTE_ADDR: 192.168.0.150] 
2017-02-22T21:54:12-08:00 WARN  Cache plugin check installed memcache. 
2017-02-22T21:54:12-08:00 WARN  Cache plugin init FAILED cannot use memcached on this host! 
2017-02-22T21:54:12-08:00 WARN  Cache plugin check installed memcache. 
2017-02-22T21:54:12-08:00 WARN  Cache plugin init FAILED cannot use memcached on this host! 
2017-02-22T21:54:12-08:00 WARN  Cache plugin check installed memcache. 
2017-02-22T21:54:12-08:00 WARN  Cache plugin init FAILED cannot use memcached on this host! 
2017-02-22T21:54:12-08:00 WARN  Cache plugin check installed memcache. 
2017-02-22T21:54:12-08:00 WARN  Cache plugin init FAILED cannot use memcached on this host! 
2017-02-22T21:54:12-08:00 WARN  Cache plugin check installed memcache. 
2017-02-22T21:54:12-08:00 WARN  Cache plugin init FAILED cannot use memcached on this host! 
2017-02-22T21:54:12-08:00 WARN  Cache plugin check installed memcache. 
2017-02-22T21:54:12-08:00 WARN  Cache plugin init FAILED cannot use memcached on this host! 
2017-02-22T21:54:12-08:00 WARN  Cache plugin check installed memcache. 
2017-02-22T21:54:12-08:00 WARN  Cache plugin init FAILED cannot use memcached on this host! 
2017-02-22T21:54:15-08:00 WARN  Cache plugin check installed memcache. 
2017-02-22T21:54:15-08:00 WARN  Cache plugin init FAILED cannot use memcached on this host! 
2017-02-22T21:54:15-08:00 WARN  Cache plugin check installed memcache. 
2017-02-22T21:54:15-08:00 WARN  Cache plugin init FAILED cannot use memcached on this host! 
2017-02-22T21:54:15-08:00 WARN  Cache plugin check installed memcache. 
2017-02-22T21:54:15-08:00 WARN  Cache plugin init FAILED cannot use memcached on this host! 
2017-02-22T21:54:15-08:00 WARN  Cache plugin check installed memcache. 
2017-02-22T21:54:15-08:00 WARN  Cache plugin init FAILED cannot use memcached on this host! 
2017-02-22T21:54:15-08:00 WARN  Cache plugin check installed memcache. 
2017-02-22T21:54:15-08:00 WARN  Cache plugin init FAILED cannot use memcached on this host! 
2017-02-22T21:54:15-08:00 WARN  Cache plugin check installed memcache. 
2017-02-22T21:54:15-08:00 WARN  Cache plugin init FAILED cannot use memcached on this host! 
2017-02-22T21:54:15-08:00 WARN  Cache plugin check installed memcache. 
2017-02-22T21:54:15-08:00 WARN  Cache plugin init FAILED cannot use memcached on this host! 
2017-02-22T21:54:15-08:00 WARN  Cache plugin check installed memcache. 
2017-02-22T21:54:15-08:00 WARN  Cache plugin init FAILED cannot use memcached on this host! 
2017-02-22T21:54:15-08:00 WARN  Cache plugin check installed memcache. 
2017-02-22T21:54:15-08:00 WARN  Cache plugin init FAILED cannot use memcached on this host! 
2017-02-22T21:54:15-08:00 WARN  Cache plugin check installed memcache. 
2017-02-22T21:54:15-08:00 WARN  Cache plugin init FAILED cannot use memcached on this host! 
2017-02-22T21:57:45-08:00 WARN  Login audit for user [mark.vejvoda] userid [1] firehallid [0] agent [Mozilla/5.0 (X11; Linux x86_64) AppleWebKit/537.36 (KHTML, like Gecko) Chrome/56.0.2924.87 Safari/537.36] client [REMOTE_ADDR: 192.168.0.150] 
2017-02-22T21:58:06-08:00 WARN  Clear cache requested by admin user. 
2017-02-22T21:58:12-08:00 WARN  Login audit for user [mark.vejvoda] userid [1] firehallid [0] agent [Mozilla/5.0 (X11; Linux x86_64) AppleWebKit/537.36 (KHTML, like Gecko) Chrome/56.0.2924.87 Safari/537.36] client [REMOTE_ADDR: 192.168.0.150] 
2017-02-22T22:01:53-08:00 WARN  Login audit for user [mark.vejvoda] userid [1] firehallid [0] agent [Mozilla/5.0 (X11; Linux x86_64) AppleWebKit/537.36 (KHTML, like Gecko) Chrome/56.0.2924.87 Safari/537.36] client [REMOTE_ADDR: 192.168.0.150] 
2017-02-22T22:11:50-08:00 WARN  Login audit for user [mark.vejvoda] userid [1] firehallid [0] agent [Mozilla/5.0 (X11; Linux x86_64) AppleWebKit/537.36 (KHTML, like Gecko) Chrome/56.0.2924.87 Safari/537.36] client [REMOTE_ADDR: 192.168.0.150] 
2017-02-22T22:12:05-08:00 WARN  Clear cache requested by admin user. 
2017-02-22T22:12:26-08:00 WARN  Clear cache requested by admin user. 
2017-02-22T22:12:41-08:00 WARN  Login audit for user [mark.vejvoda] userid [1] firehallid [0] agent [Mozilla/5.0 (X11; Linux x86_64) AppleWebKit/537.36 (KHTML, like Gecko) Chrome/56.0.2924.87 Safari/537.36] client [REMOTE_ADDR: 192.168.0.150] 
2017-02-22T22:14:40-08:00 WARN  Cache proxy constructor will use type: MEMCACHE 
2017-02-22T22:14:44-08:00 WARN  Cache proxy constructor will use type: MEMCACHE 
2017-02-22T22:14:44-08:00 WARN  Clear cache requested by admin user. 
2017-02-22T22:14:44-08:00 WARN  Cache proxy constructor will use type: MEMCACHE 
2017-02-22T22:14:50-08:00 WARN  Cache proxy constructor will use type: MEMCACHE 
2017-02-22T22:14:50-08:00 WARN  Cache proxy constructor will use type: MEMCACHE 
2017-02-22T22:14:53-08:00 WARN  Cache proxy constructor will use type: MEMCACHE 
2017-02-22T22:14:53-08:00 WARN  Login audit for user [mark.vejvoda] userid [1] firehallid [0] agent [Mozilla/5.0 (X11; Linux x86_64) AppleWebKit/537.36 (KHTML, like Gecko) Chrome/56.0.2924.87 Safari/537.36] client [REMOTE_ADDR: 192.168.0.150] 
2017-02-22T22:14:53-08:00 WARN  Cache proxy constructor will use type: MEMCACHE 
2017-02-22T22:14:56-08:00 WARN  Cache proxy constructor will use type: MEMCACHE 
2017-02-22T22:14:56-08:00 WARN  Cache proxy constructor will use type: MEMCACHE 
2017-02-22T22:16:22-08:00 WARN  Cache proxy constructor will use type: MEMCACHE 
2017-02-22T22:16:22-08:00 WARN  Looking for Cache Plugin type: [MEMCACHE] provider instnace is  
2017-02-22T22:16:22-08:00 WARN  Looking for Cache Plugin type: [SQLITECACHE] provider instnace is  
2017-02-22T22:16:22-08:00 WARN  Looking for Cache Plugin type: [SQLITECACHE] provider instnace is  
2017-02-22T22:16:22-08:00 WARN  Looking for Cache Plugin type: [SQLITECACHE] provider instnace is  
2017-02-22T22:16:22-08:00 WARN  Looking for Cache Plugin type: [SQLITECACHE] provider instnace is  
2017-02-22T22:16:22-08:00 WARN  Looking for Cache Plugin type: [SQLITECACHE] provider instnace is  
2017-02-22T22:16:22-08:00 WARN  Looking for Cache Plugin type: [SQLITECACHE] provider instnace is  
2017-02-22T22:16:22-08:00 WARN  Looking for Cache Plugin type: [SQLITECACHE] provider instnace is  
2017-02-22T22:16:22-08:00 WARN  Looking for Cache Plugin type: [SQLITECACHE] provider instnace is  
2017-02-22T22:16:22-08:00 WARN  Looking for Cache Plugin type: [SQLITECACHE] provider instnace is  
2017-02-22T22:16:22-08:00 WARN  Looking for Cache Plugin type: [SQLITECACHE] provider instnace is  
2017-02-22T22:16:22-08:00 WARN  Looking for Cache Plugin type: [SQLITECACHE] provider instnace is  
2017-02-22T22:16:22-08:00 WARN  Looking for Cache Plugin type: [SQLITECACHE] provider instnace is  
2017-02-22T22:16:22-08:00 WARN  Looking for Cache Plugin type: [SQLITECACHE] provider instnace is  
2017-02-22T22:16:22-08:00 WARN  Looking for Cache Plugin type: [SQLITECACHE] provider instnace is  
2017-02-22T22:16:22-08:00 WARN  Looking for Cache Plugin type: [SQLITECACHE] provider instnace is  
2017-02-22T22:16:22-08:00 WARN  Looking for Cache Plugin type: [SQLITECACHE] provider instnace is  
2017-02-22T22:16:22-08:00 WARN  Looking for Cache Plugin type: [SQLITECACHE] provider instnace is  
2017-02-22T22:16:22-08:00 WARN  Looking for Cache Plugin type: [SQLITECACHE] provider instnace is  
2017-02-22T22:16:22-08:00 WARN  Looking for Cache Plugin type: [SQLITECACHE] provider instnace is  
2017-02-22T22:16:22-08:00 WARN  Looking for Cache Plugin type: [SQLITECACHE] provider instnace is  
2017-02-22T22:16:22-08:00 WARN  Looking for Cache Plugin type: [SQLITECACHE] provider instnace is  
2017-02-22T22:16:25-08:00 WARN  Cache proxy constructor will use type: MEMCACHE 
2017-02-22T22:16:25-08:00 WARN  Looking for Cache Plugin type: [MEMCACHE] provider instnace is  
2017-02-22T22:16:25-08:00 WARN  Looking for Cache Plugin type: [SQLITECACHE] provider instnace is  
2017-02-22T22:16:25-08:00 WARN  Looking for Cache Plugin type: [SQLITECACHE] provider instnace is  
2017-02-22T22:16:25-08:00 WARN  Looking for Cache Plugin type: [SQLITECACHE] provider instnace is  
2017-02-22T22:16:25-08:00 WARN  Looking for Cache Plugin type: [SQLITECACHE] provider instnace is  
2017-02-22T22:16:25-08:00 WARN  Looking for Cache Plugin type: [SQLITECACHE] provider instnace is  
2017-02-22T22:16:25-08:00 WARN  Looking for Cache Plugin type: [SQLITECACHE] provider instnace is  
2017-02-22T22:16:25-08:00 WARN  Looking for Cache Plugin type: [SQLITECACHE] provider instnace is  
2017-02-22T22:16:25-08:00 WARN  Looking for Cache Plugin type: [SQLITECACHE] provider instnace is  
2017-02-22T22:16:25-08:00 WARN  Looking for Cache Plugin type: [SQLITECACHE] provider instnace is  
2017-02-22T22:16:25-08:00 WARN  Looking for Cache Plugin type: [SQLITECACHE] provider instnace is  
2017-02-22T22:16:25-08:00 WARN  Looking for Cache Plugin type: [SQLITECACHE] provider instnace is  
2017-02-22T22:16:25-08:00 WARN  Looking for Cache Plugin type: [SQLITECACHE] provider instnace is  
2017-02-22T22:16:25-08:00 WARN  Looking for Cache Plugin type: [SQLITECACHE] provider instnace is  
2017-02-22T22:16:25-08:00 WARN  Clear cache requested by admin user. 
2017-02-22T22:16:25-08:00 WARN  Cache proxy constructor will use type: MEMCACHE 
2017-02-22T22:16:25-08:00 WARN  Looking for Cache Plugin type: [MEMCACHE] provider instnace is  
2017-02-22T22:16:25-08:00 WARN  Looking for Cache Plugin type: [SQLITECACHE] provider instnace is  
2017-02-22T22:16:25-08:00 WARN  Looking for Cache Plugin type: [SQLITECACHE] provider instnace is  
2017-02-22T22:16:25-08:00 WARN  Looking for Cache Plugin type: [SQLITECACHE] provider instnace is  
2017-02-22T22:16:25-08:00 WARN  Looking for Cache Plugin type: [SQLITECACHE] provider instnace is  
2017-02-22T22:16:25-08:00 WARN  Looking for Cache Plugin type: [SQLITECACHE] provider instnace is  
2017-02-22T22:16:25-08:00 WARN  Looking for Cache Plugin type: [SQLITECACHE] provider instnace is  
2017-02-22T22:16:25-08:00 WARN  Looking for Cache Plugin type: [SQLITECACHE] provider instnace is  
2017-02-22T22:16:25-08:00 WARN  Looking for Cache Plugin type: [SQLITECACHE] provider instnace is  
2017-02-22T22:16:25-08:00 WARN  Looking for Cache Plugin type: [SQLITECACHE] provider instnace is  
2017-02-22T22:16:28-08:00 WARN  Cache proxy constructor will use type: MEMCACHE 
2017-02-22T22:16:28-08:00 WARN  Looking for Cache Plugin type: [MEMCACHE] provider instnace is  
2017-02-22T22:16:28-08:00 WARN  Looking for Cache Plugin type: [SQLITECACHE] provider instnace is  
2017-02-22T22:16:28-08:00 WARN  Looking for Cache Plugin type: [SQLITECACHE] provider instnace is  
2017-02-22T22:16:28-08:00 WARN  Looking for Cache Plugin type: [SQLITECACHE] provider instnace is  
2017-02-22T22:16:28-08:00 WARN  Looking for Cache Plugin type: [SQLITECACHE] provider instnace is  
2017-02-22T22:16:28-08:00 WARN  Looking for Cache Plugin type: [SQLITECACHE] provider instnace is  
2017-02-22T22:16:28-08:00 WARN  Looking for Cache Plugin type: [SQLITECACHE] provider instnace is  
2017-02-22T22:16:28-08:00 WARN  Looking for Cache Plugin type: [SQLITECACHE] provider instnace is  
2017-02-22T22:16:28-08:00 WARN  Looking for Cache Plugin type: [SQLITECACHE] provider instnace is  
2017-02-22T22:16:28-08:00 WARN  Looking for Cache Plugin type: [SQLITECACHE] provider instnace is  
2017-02-22T22:16:28-08:00 WARN  Looking for Cache Plugin type: [SQLITECACHE] provider instnace is  
2017-02-22T22:16:28-08:00 WARN  Looking for Cache Plugin type: [SQLITECACHE] provider instnace is  
2017-02-22T22:16:28-08:00 WARN  Looking for Cache Plugin type: [SQLITECACHE] provider instnace is  
2017-02-22T22:16:28-08:00 WARN  Looking for Cache Plugin type: [SQLITECACHE] provider instnace is  
2017-02-22T22:16:28-08:00 WARN  Cache proxy constructor will use type: MEMCACHE 
2017-02-22T22:16:28-08:00 WARN  Looking for Cache Plugin type: [MEMCACHE] provider instnace is  
2017-02-22T22:16:28-08:00 WARN  Looking for Cache Plugin type: [SQLITECACHE] provider instnace is  
2017-02-22T22:16:28-08:00 WARN  Looking for Cache Plugin type: [SQLITECACHE] provider instnace is  
2017-02-22T22:16:28-08:00 WARN  Looking for Cache Plugin type: [SQLITECACHE] provider instnace is  
2017-02-22T22:16:28-08:00 WARN  Looking for Cache Plugin type: [SQLITECACHE] provider instnace is  
2017-02-22T22:16:28-08:00 WARN  Looking for Cache Plugin type: [SQLITECACHE] provider instnace is  
2017-02-22T22:16:28-08:00 WARN  Looking for Cache Plugin type: [SQLITECACHE] provider instnace is  
2017-02-22T22:16:28-08:00 WARN  Looking for Cache Plugin type: [SQLITECACHE] provider instnace is  
2017-02-22T22:16:28-08:00 WARN  Looking for Cache Plugin type: [SQLITECACHE] provider instnace is  
2017-02-22T22:16:28-08:00 WARN  Looking for Cache Plugin type: [SQLITECACHE] provider instnace is  
2017-02-22T22:16:43-08:00 WARN  Cache proxy constructor will use type: MEMCACHE 
2017-02-22T22:16:43-08:00 WARN  Looking for Cache Plugin type: [MEMCACHE] provider instnace is  
2017-02-22T22:16:43-08:00 WARN  Looking for Cache Plugin type: [SQLITECACHE] provider instnace is  
2017-02-22T22:16:43-08:00 WARN  Looking for Cache Plugin type: [SQLITECACHE] provider instnace is  
2017-02-22T22:16:43-08:00 WARN  Looking for Cache Plugin type: [SQLITECACHE] provider instnace is  
2017-02-22T22:16:43-08:00 WARN  Looking for Cache Plugin type: [SQLITECACHE] provider instnace is  
2017-02-22T22:16:43-08:00 WARN  Looking for Cache Plugin type: [SQLITECACHE] provider instnace is  
2017-02-22T22:16:43-08:00 WARN  Looking for Cache Plugin type: [SQLITECACHE] provider instnace is  
2017-02-22T22:16:43-08:00 WARN  Looking for Cache Plugin type: [SQLITECACHE] provider instnace is  
2017-02-22T22:16:43-08:00 WARN  Looking for Cache Plugin type: [SQLITECACHE] provider instnace is  
2017-02-22T22:16:43-08:00 WARN  Looking for Cache Plugin type: [SQLITECACHE] provider instnace is  
2017-02-22T22:16:58-08:00 WARN  Cache proxy constructor will use type: MEMCACHE 
2017-02-22T22:16:58-08:00 WARN  Looking for Cache Plugin type: [MEMCACHE] provider instance is  
2017-02-22T22:16:58-08:00 WARN  Looking for Cache Plugin type: [MEMCACHE] 
2017-02-22T22:16:58-08:00 WARN  Cache plugin check installed memcache. 
2017-02-22T22:16:58-08:00 WARN  Cache plugin init FAILED cannot use memcached on this host! 
2017-02-22T22:17:08-08:00 WARN  Cache proxy constructor will use type: MEMCACHE 
2017-02-22T22:17:08-08:00 WARN  Looking for Cache Plugin type: [MEMCACHE] provider instance is  
2017-02-22T22:17:08-08:00 WARN  Looking for Cache Plugin type: [MEMCACHE] 
2017-02-22T22:17:08-08:00 WARN  Cache plugin check installed memcache. 
2017-02-22T22:17:08-08:00 WARN  Cache plugin init FAILED cannot use memcached on this host! 
2017-02-22T22:17:14-08:00 WARN  Cache proxy constructor will use type: MEMCACHE 
2017-02-22T22:17:14-08:00 WARN  Looking for Cache Plugin type: [MEMCACHE] provider instance is  
2017-02-22T22:17:14-08:00 WARN  Looking for Cache Plugin type: [MEMCACHE] 
2017-02-22T22:17:14-08:00 WARN  Cache plugin check installed memcache. 
2017-02-22T22:17:14-08:00 WARN  Cache plugin init FAILED cannot use memcached on this host! 
2017-02-22T22:17:22-08:00 WARN  Cache proxy constructor will use type: MEMCACHE 
2017-02-22T22:17:22-08:00 WARN  Looking for Cache Plugin type: [MEMCACHE] 
2017-02-22T22:17:22-08:00 WARN  Cache plugin check installed memcache. 
2017-02-22T22:17:22-08:00 WARN  Cache plugin init FAILED cannot use memcached on this host! 
2017-02-22T22:17:22-08:00 WARN  Clear cache requested by admin user. 
2017-02-22T22:17:22-08:00 WARN  Cache proxy constructor will use type: MEMCACHE 
2017-02-22T22:17:22-08:00 WARN  Looking for Cache Plugin type: [MEMCACHE] 
2017-02-22T22:17:22-08:00 WARN  Cache plugin check installed memcache. 
2017-02-22T22:17:22-08:00 WARN  Cache plugin init FAILED cannot use memcached on this host! 
2017-02-22T22:17:26-08:00 WARN  Cache proxy constructor will use type: MEMCACHE 
2017-02-22T22:17:26-08:00 WARN  Looking for Cache Plugin type: [MEMCACHE] 
2017-02-22T22:17:26-08:00 WARN  Cache plugin check installed memcache. 
2017-02-22T22:17:26-08:00 WARN  Cache plugin init FAILED cannot use memcached on this host! 
2017-02-22T22:17:26-08:00 WARN  Cache proxy constructor will use type: MEMCACHE 
2017-02-22T22:17:26-08:00 WARN  Looking for Cache Plugin type: [MEMCACHE] 
2017-02-22T22:17:26-08:00 WARN  Cache plugin check installed memcache. 
2017-02-22T22:17:26-08:00 WARN  Cache plugin init FAILED cannot use memcached on this host! 
2017-02-22T22:17:41-08:00 WARN  Cache proxy constructor will use type: MEMCACHE 
2017-02-22T22:17:41-08:00 WARN  Looking for Cache Plugin type: [MEMCACHE] 
2017-02-22T22:17:41-08:00 WARN  Cache plugin check installed memcache. 
2017-02-22T22:17:41-08:00 WARN  Cache plugin init FAILED cannot use memcached on this host! 
2017-02-22T22:17:41-08:00 WARN  Clear cache requested by admin user. 
2017-02-22T22:17:41-08:00 WARN  Cache proxy constructor will use type: MEMCACHE 
2017-02-22T22:17:41-08:00 WARN  Looking for Cache Plugin type: [MEMCACHE] 
2017-02-22T22:17:41-08:00 WARN  Cache plugin check installed memcache. 
2017-02-22T22:17:41-08:00 WARN  Cache plugin init FAILED cannot use memcached on this host! 
2017-02-22T22:17:45-08:00 WARN  Cache proxy constructor will use type: MEMCACHE 
2017-02-22T22:17:45-08:00 WARN  Looking for Cache Plugin type: [MEMCACHE] 
2017-02-22T22:17:45-08:00 WARN  Cache plugin check installed memcache. 
2017-02-22T22:17:45-08:00 WARN  Cache plugin init FAILED cannot use memcached on this host! 
2017-02-22T22:17:45-08:00 WARN  Cache proxy constructor will use type: MEMCACHE 
2017-02-22T22:17:45-08:00 WARN  Looking for Cache Plugin type: [MEMCACHE] 
2017-02-22T22:17:45-08:00 WARN  Cache plugin check installed memcache. 
2017-02-22T22:17:45-08:00 WARN  Cache plugin init FAILED cannot use memcached on this host! 
2017-02-22T22:18:24-08:00 WARN  Cache proxy constructor will use type: MEMCACHE 
2017-02-22T22:18:24-08:00 WARN  Looking for Cache Plugin type: [MEMCACHE] 
2017-02-22T22:18:24-08:00 WARN  Cache plugin check installed memcache. 
2017-02-22T22:18:24-08:00 WARN  Cache plugin init FAILED cannot use memcached on this host! 
2017-02-22T22:18:24-08:00 WARN  Looking for Cache Plugin type: [SQLITECACHE] 
2017-02-22T22:18:24-08:00 WARN  Cache plugin check installed memcache. 
2017-02-22T22:18:24-08:00 WARN  Cache plugin init FAILED cannot use memcached on this host! 
2017-02-22T22:18:24-08:00 WARN  Cache plugin check installed sqlite. 
2017-02-22T22:18:24-08:00 WARN  Cache plugin init about to connect to sqlite. 
2017-02-22T22:18:24-08:00 WARN  Clear cache requested by admin user. 
2017-02-22T22:18:24-08:00 WARN  Cache proxy constructor will use type: MEMCACHE 
2017-02-22T22:18:24-08:00 WARN  Looking for Cache Plugin type: [MEMCACHE] 
2017-02-22T22:18:24-08:00 WARN  Cache plugin check installed memcache. 
2017-02-22T22:18:24-08:00 WARN  Cache plugin init FAILED cannot use memcached on this host! 
2017-02-22T22:18:24-08:00 WARN  Looking for Cache Plugin type: [SQLITECACHE] 
2017-02-22T22:18:24-08:00 WARN  Cache plugin check installed memcache. 
2017-02-22T22:18:24-08:00 WARN  Cache plugin init FAILED cannot use memcached on this host! 
2017-02-22T22:18:24-08:00 WARN  Cache plugin check installed sqlite. 
2017-02-22T22:18:24-08:00 WARN  Cache plugin init about to connect to sqlite. 
2017-02-22T22:18:28-08:00 WARN  Cache proxy constructor will use type: MEMCACHE 
2017-02-22T22:18:28-08:00 WARN  Looking for Cache Plugin type: [MEMCACHE] 
2017-02-22T22:18:28-08:00 WARN  Cache plugin check installed memcache. 
2017-02-22T22:18:28-08:00 WARN  Cache plugin init FAILED cannot use memcached on this host! 
2017-02-22T22:18:28-08:00 WARN  Looking for Cache Plugin type: [SQLITECACHE] 
2017-02-22T22:18:28-08:00 WARN  Cache plugin check installed memcache. 
2017-02-22T22:18:28-08:00 WARN  Cache plugin init FAILED cannot use memcached on this host! 
2017-02-22T22:18:28-08:00 WARN  Cache plugin check installed sqlite. 
2017-02-22T22:18:28-08:00 WARN  Cache plugin init about to connect to sqlite. 
2017-02-22T22:18:28-08:00 WARN  Cache proxy constructor will use type: MEMCACHE 
2017-02-22T22:18:28-08:00 WARN  Looking for Cache Plugin type: [MEMCACHE] 
2017-02-22T22:18:28-08:00 WARN  Cache plugin check installed memcache. 
2017-02-22T22:18:28-08:00 WARN  Cache plugin init FAILED cannot use memcached on this host! 
2017-02-22T22:18:28-08:00 WARN  Looking for Cache Plugin type: [SQLITECACHE] 
2017-02-22T22:18:28-08:00 WARN  Cache plugin check installed memcache. 
2017-02-22T22:18:28-08:00 WARN  Cache plugin init FAILED cannot use memcached on this host! 
2017-02-22T22:18:28-08:00 WARN  Cache plugin check installed sqlite. 
2017-02-22T22:18:28-08:00 WARN  Cache plugin init about to connect to sqlite. 
2017-02-22T22:20:51-08:00 WARN  Clear cache requested by admin user. 
2017-03-14T18:35:47-07:00 ERROR Login check for user [1] fhid [0] for client [REMOTE_ADDR: 192.168.0.150] failed hash check! 
2017-03-14T18:35:47-07:00 ERROR LOGINCHECK F1 
2017-03-14T18:35:47-07:00 ERROR Login check for user [1] fhid [0] for client [REMOTE_ADDR: 192.168.0.150] failed hash check! 
2017-03-14T18:35:47-07:00 ERROR LOGINCHECK F1 
2017-03-20T17:24:46-07:00 ERROR Login check for user [1] fhid [0] for client [REMOTE_ADDR: 192.168.0.150] failed hash check! 
2017-03-20T17:24:46-07:00 ERROR Login check for user [1] fhid [0] for client [REMOTE_ADDR: 192.168.0.150] failed hash check! 
2017-03-20T17:24:46-07:00 ERROR LOGINCHECK F1 
2017-03-20T17:24:46-07:00 ERROR LOGINCHECK F1 
2017-03-21T14:27:31-07:00 ERROR Login check for user [1] fhid [0] for client [REMOTE_ADDR: 192.168.0.150] failed hash check! 
2017-03-21T14:27:31-07:00 ERROR Login check for user [1] fhid [0] for client [REMOTE_ADDR: 192.168.0.150] failed hash check! 
2017-03-21T14:27:31-07:00 ERROR LOGINCHECK F1 
2017-03-21T14:27:31-07:00 ERROR LOGINCHECK F1 
2017-03-24T09:53:18-07:00 ERROR Login check for user [1] fhid [0] for client [REMOTE_ADDR: 192.168.0.150] failed hash check! 
2017-03-24T09:53:18-07:00 ERROR Login check for user [1] fhid [0] for client [REMOTE_ADDR: 192.168.0.150] failed hash check! 
2017-03-24T09:53:18-07:00 ERROR LOGINCHECK F1 
2017-03-24T09:53:18-07:00 ERROR LOGINCHECK F1 
2017-03-27T17:12:25-07:00 ERROR Login check for user [1] fhid [0] for client [REMOTE_ADDR: 192.168.0.150] failed hash check! 
2017-03-27T17:12:25-07:00 ERROR LOGINCHECK F1 
2017-03-27T17:12:25-07:00 ERROR Login check for user [1] fhid [0] for client [REMOTE_ADDR: 192.168.0.150] failed hash check! 
2017-03-27T17:12:25-07:00 ERROR LOGINCHECK F1 
2017-03-29T08:13:50-07:00 ERROR Login check for user [1] fhid [0] for client [REMOTE_ADDR: 192.168.0.150] failed hash check! 
2017-03-29T08:13:50-07:00 ERROR Login check for user [1] fhid [0] for client [REMOTE_ADDR: 192.168.0.150] failed hash check! 
2017-03-29T08:13:50-07:00 ERROR LOGINCHECK F1 
2017-03-29T08:13:50-07:00 ERROR LOGINCHECK F1 
2017-03-29T16:01:31-07:00 ERROR Login check for user [1] fhid [0] for client [REMOTE_ADDR: 192.168.0.150] failed hash check! 
2017-03-29T16:01:31-07:00 ERROR Login check for user [1] fhid [0] for client [REMOTE_ADDR: 192.168.0.150] failed hash check! 
2017-03-29T16:01:31-07:00 ERROR LOGINCHECK F1 
2017-03-29T16:01:31-07:00 ERROR LOGINCHECK F1 
2017-03-29T21:11:19-07:00 ERROR Login check for user [1] fhid [0] for client [REMOTE_ADDR: 192.168.0.150] failed hash check! 
2017-03-29T21:11:19-07:00 ERROR Login check for user [1] fhid [0] for client [REMOTE_ADDR: 192.168.0.150] failed hash check! 
2017-03-29T21:11:19-07:00 ERROR LOGINCHECK F1 
2017-03-29T21:11:19-07:00 ERROR LOGINCHECK F1 
2017-03-29T21:13:37-07:00 ERROR Login check for user [1] fhid [0] for client [REMOTE_ADDR: 192.168.0.150] failed hash check! 
2017-03-29T21:13:37-07:00 ERROR LOGINCHECK F1 
2017-03-29T21:13:37-07:00 ERROR Login check for user [1] fhid [0] for client [REMOTE_ADDR: 192.168.0.150] failed hash check! 
2017-03-29T21:13:37-07:00 ERROR LOGINCHECK F1 
2017-03-31T21:39:44-07:00 ERROR Login check for user [1] fhid [0] for client [REMOTE_ADDR: 192.168.0.150] failed hash check! 
2017-03-31T21:39:44-07:00 ERROR LOGINCHECK F1 
2017-03-31T21:39:44-07:00 ERROR Login check for user [1] fhid [0] for client [REMOTE_ADDR: 192.168.0.150] failed hash check! 
2017-03-31T21:39:44-07:00 ERROR LOGINCHECK F1 
2017-03-31T21:39:51-07:00 WARN  Login audit for user [mark.vejvoda] userid [1] firehallid [0] agent [Mozilla/5.0 (X11; Linux x86_64) AppleWebKit/537.36 (KHTML, like Gecko) Chrome/57.0.2987.133 Safari/537.36] client [REMOTE_ADDR: 192.168.0.150] 
2017-03-31T22:39:52-07:00 WARN  Login audit for user [mark.vejvoda] userid [1] firehallid [0] agent [Mozilla/5.0 (X11; Linux x86_64) AppleWebKit/537.36 (KHTML, like Gecko) Chrome/57.0.2987.133 Safari/537.36] client [REMOTE_ADDR: 192.168.0.150] 
2017-04-01T09:29:55-07:00 WARN  Test Callout trigged... 
2017-04-01T09:30:09-07:00 WARN  Test Callout trigged... 
2017-04-01T09:31:06-07:00 WARN  Test Callout trigged... 
2017-04-01T09:32:38-07:00 WARN  Test Callout trigged... 
2017-04-01T09:32:38-07:00 WARN  Callout signalled for: 9115 Salmon Valley Road geo: ,  
2017-04-01T09:35:21-07:00 WARN  Test Callout trigged... 
2017-04-01T09:35:21-07:00 WARN  Callout signalled for: 9115 Salmon Valley Road geo: ,  
2017-04-01T09:48:02-07:00 WARN  Test Callout trigged... 
2017-04-01T09:48:02-07:00 WARN  Callout signalled for: 9115 Salmon Valley Road geo: ,  
2017-04-01T09:52:13-07:00 WARN  Test Callout trigged... 
2017-04-01T09:52:13-07:00 WARN  Callout signalled for: 9115 Salmon Valley Road geo: ,  
2017-04-01T10:03:15-07:00 WARN  Login audit for user [mark.vejvoda] userid [1] firehallid [0] agent [Mozilla/5.0 (X11; Linux x86_64) AppleWebKit/537.36 (KHTML, like Gecko) Chrome/57.0.2987.133 Safari/537.36] client [REMOTE_ADDR: 192.168.0.150] 
2017-04-05T17:14:28-07:00 WARN  Login audit for user [mark.vejvoda] userid [1] firehallid [0] agent [Mozilla/5.0 (Linux; Android 7.1.1; Nexus 6P Build/N4F26T) AppleWebKit/537.36 (KHTML, like Gecko) Chrome/57.0.2987.132 Mobile Safari/537.36] client [REMOTE_ADDR: 192.168.0.174] 
2017-04-07T23:36:09-07:00 WARN  Found new schema to execute, db schema version: 4.6 new schema version: 4.7 
2017-04-07T23:36:09-07:00 WARN  Found new schema to execute, db schema version: 4.6 new schema version: 4.8 
2017-04-07T23:36:09-07:00 WARN  Login audit for user [mark.vejvoda] userid [1] firehallid [0] agent [Mozilla/5.0 (X11; Linux x86_64) AppleWebKit/537.36 (KHTML, like Gecko) Chrome/57.0.2987.133 Safari/537.36] client [REMOTE_ADDR: 192.168.0.150] 
2017-04-07T23:58:12-07:00 WARN  Login audit for user [babi.vejvoda] userid [9] firehallid [0] agent [Mozilla/5.0 (X11; Linux x86_64) AppleWebKit/537.36 (KHTML, like Gecko) Chrome/57.0.2987.133 Safari/537.36] client [REMOTE_ADDR: 192.168.0.150] 
2017-04-07T23:58:37-07:00 WARN  Login audit for user [mark.vejvoda] userid [1] firehallid [0] agent [Mozilla/5.0 (X11; Linux x86_64) AppleWebKit/537.36 (KHTML, like Gecko) Chrome/57.0.2987.133 Safari/537.36] client [REMOTE_ADDR: 192.168.0.150] 
2017-04-08T00:07:36-07:00 WARN  Login attempt for user [babi.vejvoda] FAILED uid check for client [REMOTE_ADDR: 192.168.0.150] 
2017-04-08T00:07:45-07:00 WARN  Login audit for user [mark.vejvoda] userid [1] firehallid [0] agent [Mozilla/5.0 (X11; Linux x86_64) AppleWebKit/537.36 (KHTML, like Gecko) Chrome/57.0.2987.133 Safari/537.36] client [REMOTE_ADDR: 192.168.0.150] 
2017-04-08T00:21:05-07:00 WARN  Test Callout trigged... 
2017-04-08T00:21:05-07:00 WARN  Callout signalled for: 9115 Salmon Valley Road geo: ,  
2017-04-08T00:21:51-07:00 WARN  Route got CR message: fhid=0&cid=217&uid=mark.vejvoda&ckid=58e88f613acd00.57202838&member_id=mark.vejvoda&status=2 
2017-04-08T00:21:51-07:00 WARN  Route got CR about to redirect to: controllers/callout-response-controller.php?fhid=0&cid=217&uid=mark.vejvoda&ckid=58e88f613acd00.57202838&member_id=mark.vejvoda&status=2 
2017-04-08T00:21:51-07:00 WARN  Callout Response $userStatus value: 2 
2017-04-08T00:21:51-07:00 WARN  Callout Response SMS signal is enabled 
2017-04-08T00:21:51-07:00 WARN  Callout Response SMS signal all: true 
2017-04-08T00:21:51-07:00 WARN  Callout Response SMS signal about to call plugin... 
2017-04-08T00:21:58-07:00 WARN  Route got CR message: fhid=0&cid=217&uid=mark.vejvoda&ckid=58e88f613acd00.57202838&member_id=mark.vejvoda&status=3 
2017-04-08T00:21:58-07:00 WARN  Route got CR about to redirect to: controllers/callout-response-controller.php?fhid=0&cid=217&uid=mark.vejvoda&ckid=58e88f613acd00.57202838&member_id=mark.vejvoda&status=3 
2017-04-08T00:21:59-07:00 WARN  Callout Response $userStatus value: 3 
2017-04-08T00:21:59-07:00 WARN  Callout Response SMS signal is enabled 
2017-04-08T00:21:59-07:00 WARN  Callout Response SMS signal all: true 
2017-04-08T00:21:59-07:00 WARN  Callout Response SMS signal about to call plugin... 
2017-04-13T10:45:39-07:00 WARN  Login audit for user [mark.vejvoda] userid [1] firehallid [0] agent [Mozilla/5.0 (X11; Linux x86_64) AppleWebKit/537.36 (KHTML, like Gecko) Chrome/57.0.2987.133 Safari/537.36] client [REMOTE_ADDR: 192.168.0.150] 
2017-04-13T13:10:40-07:00 WARN  Login audit for user [mark.vejvoda] userid [1] firehallid [0] agent [Mozilla/5.0 (X11; Linux x86_64) AppleWebKit/537.36 (KHTML, like Gecko) Chrome/57.0.2987.133 Safari/537.36] client [REMOTE_ADDR: 192.168.0.150] 
